<?xml version="1.0" encoding="UTF-8"?>
<!-- Generated by org.testng.reporters.JUnitXMLReporter -->
<testsuite hostname="DESKTOP-J2EI2EE" ignored="0" name="Default test" tests="6" failures="0" timestamp="2020-05-17T12:30:34 IST" time="73.914" errors="0">
  <testcase name="resetAllFields" time="4.127" classname="com.soumi.compediumautomation.ui.tests.CompediumTests"/>
  <testcase name="submitForm" time="4.023" classname="com.soumi.compediumautomation.ui.tests.CompediumTests"/>
  <testcase name="submitForm" time="2.655" classname="com.soumi.compediumautomation.ui.tests.CompediumTests"/>
  <testcase name="submitForm" time="2.115" classname="com.soumi.compediumautomation.ui.tests.CompediumTests"/>
  <testcase name="submitForm" time="2.172" classname="com.soumi.compediumautomation.ui.tests.CompediumTests"/>
  <testcase name="verifyPageTitle" time="0.052" classname="com.soumi.compediumautomation.ui.tests.CompediumTests"/>
</testsuite> <!-- Default test -->
