<?xml version="1.0" encoding="UTF-8"?>
<testsuite xmlns:xsi="http://www.w3.org/2001/XMLSchema-instance" xsi:noNamespaceSchemaLocation="https://maven.apache.org/surefire/maven-surefire-plugin/xsd/surefire-test-report-3.0.xsd" version="3.0" name="TestSuite" time="82.521" tests="5" errors="0" skipped="0" failures="0">
  <properties>
[...]
</properties>
  <testcase name="resetAllFields" classname="com.soumi.compediumautomation.ui.tests.CompediumTests" time="4.997"/>
  <testcase name="submitForm" classname="com.soumi.compediumautomation.ui.tests.CompediumTests" time="4.792"/>
  <testcase name="submitForm" classname="com.soumi.compediumautomation.ui.tests.CompediumTests" time="2.774"/>
  <testcase name="submitForm" classname="com.soumi.compediumautomation.ui.tests.CompediumTests" time="1.846"/>
  <testcase name="verifyPageTitle" classname="com.soumi.compediumautomation.ui.tests.CompediumTests" time="0.066"/>
</testsuite>